{
  "RSpec": {
    "coverage": {
      "/home/cjacobe/BE_Development/jobscout_api/app/models/admin.rb": {
        "lines": [
          1,
          1,
          1,
          null,
          1,
          1,
          1,
          1,
          335,
          1,
          null,
          null
        ]
      },
      "/home/cjacobe/BE_Development/jobscout_api/app/models/application_record.rb": {
        "lines": [
          1,
          1,
          null
        ]
      },
      "/home/cjacobe/BE_Development/jobscout_api/spec/models/applicant_spec.rb": {
        "lines": [
          1,
          null,
          1,
          1,
          1,
          2,
          2,
          2,
          2,
          2,
          2,
          null,
          null,
          1,
          1,
          1,
          1,
          null,
          null,
          1,
          1,
          1,
          null,
          null,
          null,
          null,
          1,
          2,
          2,
          null,
          null
        ]
      },
      "/home/cjacobe/BE_Development/jobscout_api/app/models/applicant.rb": {
        "lines": [
          1,
          1,
          1,
          1,
          1,
          null,
          1,
          1,
          1,
          1,
          175,
          1,
          null,
          null
        ]
      },
      "/home/cjacobe/BE_Development/jobscout_api/spec/models/employee_spec.rb": {
        "lines": [
          1,
          null,
          1,
          1,
          1,
          2,
          2,
          2,
          2,
          2,
          2,
          null,
          null,
          1,
          1,
          1,
          1,
          null,
          null,
          1,
          1,
          1,
          null,
          null,
          null,
          null,
          1,
          2,
          null,
          null
        ]
      },
      "/home/cjacobe/BE_Development/jobscout_api/app/models/employee.rb": {
        "lines": [
          1,
          1,
          1,
          1,
          null,
          1,
          1,
          1,
          1,
          175,
          1,
          null,
          null
        ]
      },
      "/home/cjacobe/BE_Development/jobscout_api/spec/models/employer_spec.rb": {
        "lines": [
          1,
          null,
          1,
          1,
          1,
          2,
          2,
          2,
          2,
          2,
          null,
          null,
          1,
          1,
          1,
          1,
          null,
          null,
          1,
          1,
          1,
          null,
          null,
          null,
          null,
          null,
          1,
          2,
          null,
          null,
          null
        ]
      },
      "/home/cjacobe/BE_Development/jobscout_api/app/models/employer.rb": {
        "lines": [
          1,
          1,
          1,
          1,
          1,
          null,
          1,
          1,
          1,
          1,
          1,
          null,
          null
        ]
      },
      "/home/cjacobe/BE_Development/jobscout_api/spec/models/job_history_spec.rb": {
        "lines": [
          1,
          null,
          1,
          1,
          1,
          2,
          2,
          2,
          2,
          2,
          2,
          2,
          null,
          null,
          null,
          1,
          2,
          2,
          null,
          null
        ]
      },
      "/home/cjacobe/BE_Development/jobscout_api/app/models/job_history.rb": {
        "lines": [
          1,
          1,
          1,
          1,
          null,
          1,
          1,
          1,
          1,
          1,
          1,
          1,
          null
        ]
      },
      "/home/cjacobe/BE_Development/jobscout_api/spec/models/job_spec.rb": {
        "lines": [
          1,
          null,
          1,
          1,
          1,
          2,
          2,
          2,
          2,
          2,
          2,
          2,
          2,
          2,
          null,
          null,
          null,
          1,
          2,
          2,
          2,
          null,
          null,
          null,
          null
        ]
      },
      "/home/cjacobe/BE_Development/jobscout_api/app/models/job.rb": {
        "lines": [
          1,
          1,
          1,
          1,
          1,
          null,
          1,
          1,
          1,
          1,
          1,
          1,
          1,
          1,
          1,
          1,
          null
        ]
      },
      "/home/cjacobe/BE_Development/jobscout_api/spec/models/owner_spec.rb": {
        "lines": [
          1,
          null,
          1,
          1,
          1,
          2,
          2,
          2,
          2,
          2,
          2,
          null,
          null,
          1,
          1,
          1,
          1,
          null,
          null,
          1,
          1,
          1,
          null,
          null,
          null,
          null,
          1,
          2,
          null,
          null,
          null
        ]
      },
      "/home/cjacobe/BE_Development/jobscout_api/app/models/owner.rb": {
        "lines": [
          1,
          1,
          1,
          1,
          null,
          1,
          1,
          1,
          1,
          263,
          1,
          null,
          null
        ]
      },
      "/home/cjacobe/BE_Development/jobscout_api/spec/models/tenant_spec.rb": {
        "lines": [
          1,
          null,
          1,
          1,
          1,
          2,
          2,
          2,
          2,
          2,
          2,
          2,
          2,
          null,
          null,
          null,
          1,
          2,
          2,
          2,
          null,
          null
        ]
      },
      "/home/cjacobe/BE_Development/jobscout_api/app/models/tenant.rb": {
        "lines": [
          1,
          1,
          1,
          1,
          1,
          1,
          null,
          1,
          1,
          1,
          1,
          1,
          1,
          1,
          1,
          null
        ]
      },
      "/home/cjacobe/BE_Development/jobscout_api/spec/requests/api/v1/admins_spec.rb": {
        "lines": [
          1,
          null,
          1,
          null,
          1,
          4,
          4,
          null,
          1,
          1,
          2,
          null,
          null,
          1,
          1,
          null,
          null,
          1,
          null,
          1,
          null,
          null,
          null,
          null,
          null,
          null,
          null,
          null,
          null,
          null,
          1,
          11,
          null,
          null,
          null,
          null,
          1,
          2,
          2,
          null,
          1,
          1,
          null,
          null,
          1,
          1,
          null,
          null,
          null,
          null,
          1,
          4,
          null,
          1,
          1,
          2,
          2,
          null,
          null,
          1,
          1,
          null,
          null,
          1,
          1,
          1,
          1,
          null,
          null,
          null,
          1,
          null,
          2,
          2,
          null,
          1,
          1,
          1,
          null,
          null,
          1,
          1,
          null,
          null,
          null,
          null,
          1,
          null,
          1,
          null,
          3,
          null,
          1,
          2,
          null,
          null,
          1,
          1,
          null,
          null,
          1,
          null,
          1,
          null,
          null,
          null,
          null,
          null,
          null,
          null,
          null,
          null,
          null,
          1,
          null,
          null,
          null,
          1,
          2,
          2,
          2,
          null,
          null,
          1,
          1,
          null,
          null,
          1,
          1,
          null,
          null,
          null,
          null,
          1,
          1,
          3,
          null,
          1,
          2,
          2,
          null,
          null,
          1,
          1,
          null,
          null,
          1,
          null,
          1,
          null,
          null,
          null,
          null,
          null,
          null,
          null,
          null,
          null,
          null,
          1,
          1,
          null,
          null,
          null,
          1,
          null,
          2,
          2,
          2,
          null,
          1,
          1,
          1,
          null,
          null,
          1,
          1,
          null,
          null,
          null,
          null,
          1,
          3,
          3,
          null,
          null,
          1,
          1,
          1,
          null,
          null,
          1,
          1,
          null,
          null,
          null,
          1,
          null,
          2,
          2,
          2,
          null,
          1,
          1,
          null,
          null,
          1,
          1,
          null,
          null,
          null,
          null,
          1,
          2,
          null,
          1,
          1,
          1,
          null,
          null,
          null
        ]
      },
      "/home/cjacobe/BE_Development/jobscout_api/spec/requests/api/v1/applicants_spec.rb": {
        "lines": [
          1,
          null,
          1,
          1,
          4,
          4,
          null,
          1,
          1,
          3,
          null,
          null,
          1,
          1,
          null,
          null,
          1,
          null,
          1,
          null,
          null,
          null,
          null,
          null,
          null,
          null,
          null,
          null,
          null,
          1,
          10,
          null,
          null,
          null,
          1,
          2,
          null,
          1,
          1,
          null,
          null,
          1,
          1,
          null,
          null,
          null,
          null,
          null,
          1,
          null,
          1,
          1,
          2,
          2,
          null,
          null,
          1,
          1,
          null,
          null,
          1,
          1,
          1,
          1,
          null,
          null,
          null,
          null,
          1,
          7,
          7,
          7,
          7,
          7,
          null,
          1,
          1,
          1,
          null,
          1,
          null,
          null,
          1,
          1,
          null,
          1,
          null,
          null,
          1,
          1,
          1,
          null,
          null,
          1,
          1,
          1,
          null,
          null,
          1,
          null,
          1,
          null,
          null,
          1,
          null,
          null,
          null,
          null,
          null,
          null,
          null,
          null,
          null,
          null,
          1,
          null,
          null,
          null,
          1,
          2,
          null,
          1,
          1,
          null,
          null,
          1,
          1,
          null,
          null,
          null,
          null,
          1,
          7,
          7,
          7,
          7,
          7,
          null,
          1,
          1,
          1,
          1,
          null,
          1,
          1,
          null,
          null,
          1,
          1,
          1,
          null,
          1,
          1,
          null,
          null,
          null,
          1,
          1,
          1,
          null,
          1,
          1,
          null,
          null,
          null,
          1,
          1,
          1,
          null,
          1,
          1,
          null,
          null,
          1,
          null,
          1,
          1,
          null,
          null,
          1,
          null,
          null,
          null,
          null,
          null,
          null,
          null,
          null,
          null,
          null,
          1,
          null,
          null,
          null,
          1,
          2,
          null,
          1,
          1,
          1,
          null,
          null,
          1,
          1,
          null,
          null,
          null,
          null,
          1,
          5,
          5,
          5,
          5,
          5,
          null,
          1,
          1,
          1,
          null,
          1,
          null,
          null,
          1,
          1,
          null,
          1,
          null,
          null,
          1,
          1,
          null,
          1,
          null,
          null,
          null,
          1,
          2,
          null,
          1,
          1,
          null,
          null,
          1,
          1,
          null,
          null,
          null,
          null,
          1,
          2,
          null,
          1,
          1,
          1,
          null,
          null,
          null
        ]
      },
      "/home/cjacobe/BE_Development/jobscout_api/spec/requests/api/v1/auth_spec.rb": {
        "lines": [
          1,
          null,
          1,
          1,
          1,
          3,
          3,
          null,
          1,
          2,
          null,
          null,
          1,
          1,
          null,
          null,
          1,
          1,
          null,
          null,
          null,
          1,
          3,
          3,
          null,
          1,
          2,
          null,
          null,
          1,
          1,
          null,
          null,
          1,
          1,
          null,
          null,
          null,
          1,
          2,
          2,
          null,
          1,
          1,
          null,
          null,
          1,
          1,
          null,
          null,
          null,
          1,
          2,
          2,
          null,
          1,
          1,
          null,
          null,
          1,
          1,
          null,
          null,
          null,
          1,
          2,
          2,
          null,
          1,
          1,
          null,
          null,
          1,
          1,
          null,
          null,
          null,
          null,
          null,
          null,
          null,
          1,
          2,
          2,
          2,
          2,
          2,
          2,
          2,
          null,
          null
        ]
      },
      "/home/cjacobe/BE_Development/jobscout_api/spec/requests/api/v1/employees_spec.rb": {
        "lines": [
          1,
          null,
          1,
          1,
          4,
          4,
          4,
          null,
          1,
          1,
          2,
          null,
          null,
          1,
          1,
          null,
          null,
          1,
          null,
          1,
          null,
          null,
          null,
          null,
          null,
          null,
          null,
          null,
          null,
          null,
          1,
          10,
          null,
          null,
          null,
          null,
          1,
          null,
          2,
          null,
          1,
          1,
          null,
          null,
          1,
          1,
          null,
          null,
          null,
          null,
          1,
          5,
          5,
          5,
          null,
          1,
          null,
          1,
          1,
          1,
          1,
          null,
          null,
          1,
          1,
          1,
          1,
          null,
          null,
          1,
          1,
          1,
          1,
          null,
          null,
          null,
          1,
          2,
          null,
          1,
          1,
          1,
          null,
          null,
          1,
          1,
          null,
          null,
          null,
          null,
          1,
          6,
          6,
          6,
          6,
          null,
          1,
          1,
          1,
          null,
          1,
          null,
          null,
          1,
          1,
          null,
          1,
          null,
          null,
          1,
          1,
          null,
          1,
          null,
          null,
          1,
          null,
          1,
          null,
          null,
          1,
          null,
          null,
          null,
          null,
          null,
          null,
          null,
          null,
          null,
          null,
          1,
          null,
          null,
          null,
          1,
          2,
          null,
          1,
          1,
          null,
          null,
          1,
          1,
          null,
          null,
          null,
          null,
          1,
          6,
          6,
          6,
          6,
          null,
          1,
          1,
          1,
          1,
          null,
          1,
          1,
          null,
          null,
          1,
          1,
          1,
          null,
          1,
          1,
          null,
          null,
          1,
          1,
          1,
          null,
          1,
          1,
          null,
          null,
          1,
          null,
          1,
          1,
          null,
          null,
          1,
          null,
          null,
          null,
          null,
          null,
          null,
          null,
          null,
          null,
          null,
          1,
          null,
          null,
          null,
          1,
          2,
          null,
          1,
          1,
          1,
          null,
          null,
          1,
          1,
          null,
          null,
          null,
          null,
          1,
          4,
          4,
          4,
          4,
          null,
          1,
          1,
          1,
          null,
          1,
          null,
          null,
          1,
          1,
          null,
          1,
          null,
          null,
          null,
          1,
          2,
          null,
          1,
          1,
          null,
          null,
          1,
          1,
          null,
          null,
          null,
          null,
          1,
          2,
          2,
          2,
          null,
          1,
          1,
          1,
          null,
          null,
          null
        ]
      },
      "/home/cjacobe/BE_Development/jobscout_api/spec/requests/api/v1/employers_spec.rb": {
        "lines": [
          1,
          null,
          1,
          1,
          4,
          4,
          4,
          4,
          null,
          1,
          1,
          2,
          null,
          null,
          1,
          1,
          null,
          null,
          1,
          1,
          10,
          null,
          null,
          null,
          null,
          1,
          2,
          null,
          1,
          1,
          null,
          null,
          1,
          1,
          null,
          null,
          null,
          null,
          1,
          6,
          6,
          6,
          null,
          1,
          1,
          1,
          1,
          null,
          1,
          null,
          null,
          1,
          1,
          1,
          null,
          1,
          null,
          null,
          null,
          1,
          1,
          1,
          1,
          null,
          1,
          null,
          null,
          1,
          1,
          1,
          null,
          1,
          null,
          null,
          null,
          1,
          2,
          null,
          1,
          1,
          1,
          null,
          null,
          1,
          1,
          null,
          null,
          null,
          null,
          1,
          4,
          4,
          4,
          4,
          null,
          1,
          1,
          1,
          null,
          1,
          null,
          null,
          1,
          1,
          null,
          1,
          null,
          null,
          null,
          1,
          2,
          null,
          1,
          1,
          null,
          null,
          1,
          1,
          null,
          null,
          null,
          null,
          1,
          4,
          4,
          4,
          4,
          null,
          1,
          1,
          1,
          1,
          null,
          1,
          null,
          null,
          1,
          1,
          1,
          null,
          1,
          null,
          null,
          null,
          1,
          2,
          null,
          1,
          1,
          1,
          null,
          null,
          1,
          1,
          null,
          null,
          null,
          null,
          1,
          4,
          4,
          4,
          4,
          null,
          1,
          1,
          1,
          null,
          1,
          null,
          null,
          1,
          1,
          null,
          1,
          null,
          null,
          null,
          1,
          2,
          null,
          1,
          1,
          null,
          null,
          1,
          1,
          null,
          null,
          null,
          null,
          1,
          2,
          2,
          null,
          1,
          1,
          1,
          null,
          null,
          null
        ]
      },
      "/home/cjacobe/BE_Development/jobscout_api/spec/requests/api/v1/jobs_spec.rb": {
        "lines": [
          1,
          null,
          1,
          1,
          3,
          3,
          3,
          null,
          1,
          1,
          2,
          null,
          null,
          1,
          1,
          null,
          null,
          1,
          1,
          10,
          null,
          null,
          null,
          null,
          null,
          1,
          6,
          6,
          6,
          6,
          6,
          null,
          1,
          1,
          1,
          1,
          null,
          1,
          null,
          null,
          1,
          1,
          1,
          null,
          1,
          null,
          null,
          1,
          1,
          1,
          null,
          1,
          null,
          null,
          1,
          1,
          1,
          null,
          1,
          null,
          null,
          null,
          1,
          2,
          null,
          1,
          1,
          1,
          null,
          null,
          1,
          1,
          null,
          null,
          null,
          null,
          1,
          2,
          2,
          2,
          null,
          1,
          1,
          null,
          null,
          null,
          1,
          5,
          5,
          5,
          5,
          5,
          5,
          null,
          1,
          1,
          1,
          1,
          null,
          1,
          null,
          null,
          1,
          1,
          1,
          null,
          1,
          null,
          null,
          1,
          1,
          1,
          null,
          1,
          null,
          null,
          null,
          1,
          2,
          null,
          1,
          1,
          1,
          null,
          null,
          1,
          1,
          null,
          null,
          null,
          null,
          1,
          5,
          5,
          5,
          5,
          5,
          5,
          null,
          1,
          1,
          1,
          null,
          1,
          null,
          null,
          1,
          1,
          null,
          1,
          null,
          null,
          1,
          1,
          null,
          1,
          null,
          null,
          null,
          1,
          2,
          null,
          1,
          1,
          null,
          null,
          1,
          1,
          null,
          null,
          null,
          null,
          1,
          2,
          2,
          null,
          1,
          1,
          1,
          null,
          null,
          null
        ]
      },
      "/home/cjacobe/BE_Development/jobscout_api/spec/requests/api/v1/owners_spec.rb": {
        "lines": [
          1,
          null,
          1,
          1,
          4,
          4,
          4,
          null,
          1,
          1,
          2,
          null,
          null,
          1,
          1,
          null,
          null,
          1,
          null,
          1,
          null,
          null,
          null,
          null,
          null,
          null,
          null,
          null,
          null,
          null,
          1,
          10,
          null,
          null,
          null,
          null,
          1,
          null,
          2,
          null,
          1,
          1,
          null,
          null,
          1,
          1,
          null,
          null,
          null,
          null,
          1,
          3,
          null,
          1,
          1,
          1,
          null,
          1,
          null,
          null,
          1,
          1,
          1,
          null,
          1,
          null,
          null,
          null,
          1,
          5,
          5,
          5,
          null,
          1,
          1,
          1,
          null,
          1,
          null,
          null,
          1,
          1,
          null,
          1,
          null,
          null,
          1,
          null,
          1,
          null,
          null,
          1,
          null,
          null,
          null,
          null,
          null,
          null,
          null,
          null,
          null,
          null,
          1,
          null,
          null,
          null,
          1,
          2,
          null,
          1,
          1,
          null,
          null,
          1,
          1,
          null,
          null,
          null,
          null,
          1,
          5,
          5,
          5,
          null,
          1,
          1,
          1,
          1,
          null,
          1,
          null,
          null,
          1,
          1,
          1,
          null,
          1,
          null,
          null,
          1,
          null,
          1,
          1,
          null,
          null,
          null,
          1,
          null,
          null,
          null,
          null,
          null,
          null,
          null,
          null,
          null,
          null,
          1,
          null,
          null,
          null,
          1,
          2,
          null,
          1,
          1,
          1,
          null,
          null,
          1,
          1,
          null,
          null,
          null,
          null,
          1,
          3,
          3,
          3,
          null,
          1,
          1,
          1,
          null,
          1,
          null,
          null,
          null,
          1,
          2,
          null,
          1,
          1,
          null,
          null,
          1,
          1,
          null,
          null,
          null,
          null,
          1,
          2,
          2,
          null,
          1,
          1,
          1,
          null,
          null,
          null
        ]
      },
      "/home/cjacobe/BE_Development/jobscout_api/spec/requests/api/v1/tenants_spec.rb": {
        "lines": [
          1,
          null,
          1,
          1,
          4,
          4,
          null,
          1,
          3,
          null,
          null,
          1,
          1,
          null,
          null,
          1,
          1,
          10,
          null,
          null,
          null,
          1,
          null,
          2,
          null,
          1,
          1,
          null,
          null,
          1,
          1,
          null,
          null,
          null,
          null,
          1,
          1,
          1,
          1,
          null,
          1,
          null,
          null,
          null,
          1,
          1,
          1,
          null,
          1,
          null,
          null,
          null,
          null,
          1,
          4,
          4,
          4,
          null,
          1,
          1,
          1,
          null,
          1,
          null,
          null,
          1,
          1,
          null,
          1,
          null,
          null,
          null,
          1,
          null,
          2,
          null,
          1,
          1,
          null,
          null,
          1,
          1,
          null,
          null,
          null,
          null,
          1,
          4,
          4,
          4,
          null,
          1,
          1,
          1,
          1,
          null,
          1,
          null,
          null,
          1,
          1,
          1,
          null,
          1,
          null,
          null,
          null,
          1,
          null,
          2,
          null,
          1,
          1,
          null,
          null,
          1,
          1,
          null,
          null,
          null,
          null,
          1,
          3,
          3,
          null,
          1,
          1,
          1,
          null,
          1,
          null,
          null,
          null,
          1,
          null,
          2,
          null,
          1,
          1,
          null,
          null,
          1,
          1,
          null,
          null,
          null,
          null,
          1,
          2,
          2,
          null,
          1,
          1,
          1,
          null,
          null,
          null
        ]
      },
      "/home/cjacobe/BE_Development/jobscout_api/spec/requests/application_spec.rb": {
        "lines": [
          1,
          null,
          1,
          null,
          1,
          null,
          6,
          null,
          1,
          1,
          1,
          null,
          1,
          null,
          null,
          1,
          1,
          null,
          1,
          null,
          1,
          null,
          null,
          null,
          1,
          1,
          null,
          1,
          null,
          1,
          null,
          null,
          null,
          1,
          1,
          1,
          1,
          1,
          1,
          null,
          1,
          null,
          1,
          null,
          null,
          1,
          1,
          null,
          1,
          null,
          1,
          null,
          null,
          null,
          null
        ]
      },
      "/home/cjacobe/BE_Development/jobscout_api/app/controllers/api/v1/admins_controller.rb": {
        "lines": [
          1,
          1,
          1,
          1,
          1,
          null,
          1,
          3,
          2,
          2,
          null,
          1,
          null,
          null,
          null,
          1,
          4,
          3,
          null,
          3,
          2,
          null,
          1,
          null,
          null,
          1,
          null,
          null,
          null,
          1,
          3,
          2,
          null,
          1,
          null,
          null,
          null,
          1,
          3,
          2,
          2,
          null,
          1,
          null,
          null,
          null,
          1,
          2,
          1,
          1,
          null,
          1,
          null,
          null,
          null,
          1,
          null,
          1,
          5,
          null,
          null,
          1,
          null,
          9,
          1,
          1,
          null,
          null,
          null
        ]
      },
      "/home/cjacobe/BE_Development/jobscout_api/app/controllers/application_controller.rb": {
        "lines": [
          1,
          1,
          1,
          null,
          1,
          1,
          1,
          1,
          null,
          1,
          null,
          1,
          119,
          null,
          119,
          116,
          116,
          116,
          null,
          116,
          null,
          null,
          null,
          1,
          null,
          1,
          119,
          null,
          119,
          1,
          1,
          null,
          null,
          118,
          1,
          null,
          null,
          117,
          null,
          117,
          null,
          116,
          null,
          null,
          1,
          null,
          116,
          116,
          116,
          116,
          116,
          null,
          116,
          1,
          115,
          1,
          null,
          null,
          116,
          null,
          null,
          null,
          null
        ]
      },
      "/home/cjacobe/BE_Development/jobscout_api/app/services/message_helper.rb": {
        "lines": [
          1,
          1,
          null,
          1,
          null,
          null,
          1,
          null,
          null,
          null,
          null,
          null,
          1,
          null,
          null,
          null,
          null,
          null,
          1,
          null,
          null,
          null,
          null,
          1,
          null,
          null,
          null,
          null,
          1,
          null,
          null,
          null,
          null,
          1,
          null,
          null,
          null,
          null,
          1,
          null,
          null,
          null
        ]
      },
      "/home/cjacobe/BE_Development/jobscout_api/app/controllers/concerns/global_permissions.rb": {
        "lines": [
          1,
          1,
          null,
          1,
          91,
          null,
          91,
          null,
          null,
          null
        ]
      },
      "/home/cjacobe/BE_Development/jobscout_api/app/controllers/api/v1/applicants_controller.rb": {
        "lines": [
          null,
          1,
          1,
          1,
          null,
          1,
          1,
          null,
          1,
          4,
          3,
          3,
          null,
          1,
          null,
          null,
          null,
          1,
          3,
          null,
          3,
          2,
          null,
          1,
          null,
          null,
          null,
          1,
          6,
          5,
          null,
          1,
          null,
          null,
          null,
          1,
          6,
          5,
          5,
          null,
          1,
          null,
          null,
          null,
          1,
          4,
          3,
          3,
          null,
          1,
          null,
          null,
          null,
          1,
          null,
          1,
          8,
          null,
          null,
          1,
          17,
          null,
          1,
          null,
          null,
          null
        ]
      },
      "/home/cjacobe/BE_Development/jobscout_api/app/controllers/concerns/applicant_permissions.rb": {
        "lines": [
          1,
          1,
          1,
          null,
          1,
          16,
          null,
          10,
          null,
          10,
          null,
          null,
          1,
          12,
          null,
          12,
          null,
          null
        ]
      },
      "/home/cjacobe/BE_Development/jobscout_api/app/controllers/api/v1/auth_controller.rb": {
        "lines": [
          1,
          1,
          1,
          null,
          1,
          1,
          1,
          1,
          1,
          1,
          null,
          null,
          1,
          7,
          7,
          null,
          7,
          null,
          null,
          1,
          null,
          1,
          7,
          null,
          7,
          4,
          null,
          3,
          null,
          null,
          null,
          1,
          4,
          4,
          4,
          null,
          4,
          null,
          4,
          null,
          null,
          null,
          null,
          null,
          null,
          null,
          4,
          null,
          4,
          null,
          null,
          1,
          3,
          1,
          2,
          1,
          null,
          1,
          null,
          null,
          null,
          1,
          0,
          null,
          null
        ]
      },
      "/home/cjacobe/BE_Development/jobscout_api/app/services/headers_helper.rb": {
        "lines": [
          1,
          1,
          4,
          null,
          null,
          null,
          null,
          null,
          null,
          null,
          null,
          null,
          null
        ]
      },
      "/home/cjacobe/BE_Development/jobscout_api/app/controllers/api/v1/employees_controller.rb": {
        "lines": [
          1,
          1,
          1,
          1,
          null,
          1,
          3,
          2,
          2,
          null,
          1,
          null,
          null,
          null,
          1,
          4,
          3,
          null,
          3,
          2,
          null,
          1,
          null,
          null,
          1,
          null,
          null,
          null,
          1,
          5,
          4,
          null,
          1,
          null,
          null,
          null,
          1,
          5,
          4,
          4,
          null,
          1,
          null,
          null,
          null,
          1,
          3,
          2,
          2,
          null,
          1,
          null,
          null,
          null,
          1,
          null,
          1,
          7,
          null,
          null,
          1,
          null,
          14,
          1,
          1,
          null,
          null,
          null
        ]
      },
      "/home/cjacobe/BE_Development/jobscout_api/app/controllers/concerns/employee_permissions.rb": {
        "lines": [
          1,
          1,
          1,
          null,
          1,
          16,
          null,
          10,
          null,
          10,
          null,
          null,
          1,
          10,
          null,
          10,
          null,
          null
        ]
      },
      "/home/cjacobe/BE_Development/jobscout_api/app/controllers/api/v1/employers_controller.rb": {
        "lines": [
          1,
          1,
          1,
          1,
          null,
          1,
          3,
          2,
          2,
          null,
          1,
          null,
          null,
          null,
          1,
          5,
          4,
          null,
          4,
          2,
          null,
          2,
          null,
          null,
          1,
          null,
          null,
          null,
          1,
          3,
          2,
          null,
          1,
          null,
          null,
          null,
          1,
          3,
          2,
          2,
          null,
          1,
          null,
          null,
          null,
          1,
          3,
          2,
          2,
          null,
          1,
          null,
          null,
          null,
          1,
          null,
          1,
          6,
          null,
          null,
          1,
          null,
          10,
          1,
          1,
          null,
          null,
          null
        ]
      },
      "/home/cjacobe/BE_Development/jobscout_api/app/controllers/concerns/employer_permissions.rb": {
        "lines": [
          1,
          1,
          1,
          null,
          1,
          17,
          null,
          10,
          null,
          10,
          null,
          null
        ]
      },
      "/home/cjacobe/BE_Development/jobscout_api/app/controllers/api/v1/jobs_controller.rb": {
        "lines": [
          1,
          1,
          1,
          1,
          1,
          1,
          null,
          1,
          2,
          2,
          null,
          null,
          1,
          5,
          4,
          null,
          4,
          3,
          null,
          1,
          null,
          null,
          1,
          null,
          null,
          null,
          1,
          1,
          null,
          null,
          1,
          4,
          3,
          3,
          null,
          1,
          null,
          null,
          null,
          1,
          4,
          3,
          3,
          null,
          1,
          null,
          null,
          null,
          1,
          null,
          1,
          7,
          null,
          null,
          1,
          null,
          10,
          1,
          1,
          null,
          null,
          null
        ]
      },
      "/home/cjacobe/BE_Development/jobscout_api/app/controllers/concerns/job_permissions.rb": {
        "lines": [
          1,
          1,
          1,
          null,
          1,
          13,
          null,
          13,
          null,
          null
        ]
      },
      "/home/cjacobe/BE_Development/jobscout_api/app/controllers/api/v1/owners_controller.rb": {
        "lines": [
          1,
          1,
          1,
          1,
          1,
          1,
          null,
          1,
          3,
          2,
          2,
          null,
          1,
          null,
          null,
          null,
          1,
          2,
          null,
          2,
          1,
          null,
          1,
          null,
          null,
          null,
          1,
          4,
          3,
          null,
          1,
          null,
          null,
          null,
          1,
          4,
          3,
          3,
          null,
          1,
          null,
          null,
          null,
          1,
          2,
          1,
          1,
          null,
          null,
          1,
          null,
          null,
          null,
          1,
          null,
          1,
          5,
          null,
          null,
          1,
          null,
          11,
          1,
          1,
          null,
          null,
          null
        ]
      },
      "/home/cjacobe/BE_Development/jobscout_api/app/controllers/concerns/owner_permissions.rb": {
        "lines": [
          1,
          1,
          1,
          null,
          1,
          null,
          8,
          null,
          8,
          null,
          null
        ]
      },
      "/home/cjacobe/BE_Development/jobscout_api/app/controllers/api/v1/tenants_controller.rb": {
        "lines": [
          1,
          1,
          1,
          1,
          1,
          1,
          null,
          1,
          4,
          3,
          3,
          null,
          1,
          null,
          null,
          null,
          1,
          2,
          null,
          2,
          1,
          null,
          1,
          null,
          null,
          null,
          1,
          3,
          2,
          null,
          1,
          null,
          null,
          null,
          1,
          3,
          2,
          2,
          null,
          1,
          null,
          null,
          null,
          1,
          2,
          1,
          1,
          null,
          1,
          null,
          null,
          null,
          1,
          null,
          1,
          4,
          null,
          null,
          1,
          null,
          9,
          1,
          1,
          null,
          null,
          null
        ]
      },
      "/home/cjacobe/BE_Development/jobscout_api/app/controllers/concerns/tenant_permissions.rb": {
        "lines": [
          1,
          1,
          1,
          null,
          1,
          6,
          null,
          6,
          null,
          null
        ]
      }
    },
    "timestamp": 1696342839
  }
}
